<?xml version="1.0" encoding="UTF-8"?>
<testsuite xmlns:xsi="http://www.w3.org/2001/XMLSchema-instance" xsi:noNamespaceSchemaLocation="https://maven.apache.org/surefire/maven-surefire-plugin/xsd/surefire-test-report.xsd" name="edu.northeastern.cs5200.TestAll" time="79.707" tests="10" errors="0" skipped="0" failures="2">
  <properties>
[...]
</properties>
  <testcase name="testValidateCourse" classname="edu.northeastern.cs5200.TestAll" time="7.812"/>
  <testcase name="testValidateStudent" classname="edu.northeastern.cs5200.TestAll" time="7.366"/>
  <testcase name="testValidateSectionEnrollments" classname="edu.northeastern.cs5200.TestAll" time="8.364">
    <failure message="expected:&lt;1&gt; but was:&lt;0&gt;" type="java.lang.AssertionError"><![CDATA[java.lang.AssertionError: expected:<1> but was:<0>
	at edu.northeastern.cs5200.TestAll.testValidateSectionEnrollments(TestAll.java:258)
]]></failure>
    <system-out><![CDATA[Hibernate: select section0_.id as id1_3_, section0_.course_id as course_i4_3_, section0_.seats as seats2_3_, section0_.title as title3_3_ from section section0_
Hibernate: select course0_.id as id1_0_0_, course0_.author_person_id as author_p3_0_0_, course0_.label as label2_0_0_, faculty1_.person_id as person_i2_2_1_, faculty1_.first_name as first_na3_2_1_, faculty1_.last_name as last_nam4_2_1_, faculty1_.password as password5_2_1_, faculty1_.username as username6_2_1_, faculty1_.office as office7_2_1_, faculty1_.tenure as tenure8_2_1_, sections2_.course_id as course_i4_3_2_, sections2_.id as id1_3_2_, sections2_.id as id1_3_3_, sections2_.course_id as course_i4_3_3_, sections2_.seats as seats2_3_3_, sections2_.title as title3_3_3_, enrolledst3_.section_id as section_2_1_4_, student4_.person_id as student_1_1_4_, student4_.person_id as person_i2_2_5_, student4_.first_name as first_na3_2_5_, student4_.last_name as last_nam4_2_5_, student4_.password as password5_2_5_, student4_.username as username6_2_5_, student4_.grad_year as grad_yea9_2_5_, student4_.scholarship as scholar10_2_5_ from course course0_ left outer join person faculty1_ on course0_.author_person_id=faculty1_.person_id left outer join section sections2_ on course0_.id=sections2_.course_id left outer join enrollment enrolledst3_ on sections2_.id=enrolledst3_.section_id left outer join person student4_ on enrolledst3_.student_id=student4_.person_id where course0_.id=?
Hibernate: select course0_.id as id1_0_0_, course0_.author_person_id as author_p3_0_0_, course0_.label as label2_0_0_, faculty1_.person_id as person_i2_2_1_, faculty1_.first_name as first_na3_2_1_, faculty1_.last_name as last_nam4_2_1_, faculty1_.password as password5_2_1_, faculty1_.username as username6_2_1_, faculty1_.office as office7_2_1_, faculty1_.tenure as tenure8_2_1_, sections2_.course_id as course_i4_3_2_, sections2_.id as id1_3_2_, sections2_.id as id1_3_3_, sections2_.course_id as course_i4_3_3_, sections2_.seats as seats2_3_3_, sections2_.title as title3_3_3_, enrolledst3_.section_id as section_2_1_4_, student4_.person_id as student_1_1_4_, student4_.person_id as person_i2_2_5_, student4_.first_name as first_na3_2_5_, student4_.last_name as last_nam4_2_5_, student4_.password as password5_2_5_, student4_.username as username6_2_5_, student4_.grad_year as grad_yea9_2_5_, student4_.scholarship as scholar10_2_5_ from course course0_ left outer join person faculty1_ on course0_.author_person_id=faculty1_.person_id left outer join section sections2_ on course0_.id=sections2_.course_id left outer join enrollment enrolledst3_ on sections2_.id=enrolledst3_.section_id left outer join person student4_ on enrolledst3_.student_id=student4_.person_id where course0_.id=?
Hibernate: select course0_.id as id1_0_0_, course0_.author_person_id as author_p3_0_0_, course0_.label as label2_0_0_, faculty1_.person_id as person_i2_2_1_, faculty1_.first_name as first_na3_2_1_, faculty1_.last_name as last_nam4_2_1_, faculty1_.password as password5_2_1_, faculty1_.username as username6_2_1_, faculty1_.office as office7_2_1_, faculty1_.tenure as tenure8_2_1_, sections2_.course_id as course_i4_3_2_, sections2_.id as id1_3_2_, sections2_.id as id1_3_3_, sections2_.course_id as course_i4_3_3_, sections2_.seats as seats2_3_3_, sections2_.title as title3_3_3_, enrolledst3_.section_id as section_2_1_4_, student4_.person_id as student_1_1_4_, student4_.person_id as person_i2_2_5_, student4_.first_name as first_na3_2_5_, student4_.last_name as last_nam4_2_5_, student4_.password as password5_2_5_, student4_.username as username6_2_5_, student4_.grad_year as grad_yea9_2_5_, student4_.scholarship as scholar10_2_5_ from course course0_ left outer join person faculty1_ on course0_.author_person_id=faculty1_.person_id left outer join section sections2_ on course0_.id=sections2_.course_id left outer join enrollment enrolledst3_ on sections2_.id=enrolledst3_.section_id left outer join person student4_ on enrolledst3_.student_id=student4_.person_id where course0_.id=?
Hibernate: select authoredco0_.author_person_id as author_p3_0_0_, authoredco0_.id as id1_0_0_, authoredco0_.id as id1_0_1_, authoredco0_.author_person_id as author_p3_0_1_, authoredco0_.label as label2_0_1_ from course authoredco0_ where authoredco0_.author_person_id=?
Hibernate: select authoredco0_.author_person_id as author_p3_0_0_, authoredco0_.id as id1_0_0_, authoredco0_.id as id1_0_1_, authoredco0_.author_person_id as author_p3_0_1_, authoredco0_.label as label2_0_1_ from course authoredco0_ where authoredco0_.author_person_id=?
Hibernate: select sections0_.course_id as course_i4_3_0_, sections0_.id as id1_3_0_, sections0_.id as id1_3_1_, sections0_.course_id as course_i4_3_1_, sections0_.seats as seats2_3_1_, sections0_.title as title3_3_1_ from section sections0_ where sections0_.course_id=?
Hibernate: delete from section where id=?
Hibernate: delete from section where id=?
Hibernate: delete from section where id=?
Hibernate: delete from section where id=?
Hibernate: select course0_.id as id1_0_, course0_.author_person_id as author_p3_0_, course0_.label as label2_0_ from course course0_
Hibernate: select faculty0_.person_id as person_i2_2_0_, faculty0_.first_name as first_na3_2_0_, faculty0_.last_name as last_nam4_2_0_, faculty0_.password as password5_2_0_, faculty0_.username as username6_2_0_, faculty0_.office as office7_2_0_, faculty0_.tenure as tenure8_2_0_ from person faculty0_ where faculty0_.person_id=? and faculty0_.dtype='Faculty'
Hibernate: select faculty0_.person_id as person_i2_2_0_, faculty0_.first_name as first_na3_2_0_, faculty0_.last_name as last_nam4_2_0_, faculty0_.password as password5_2_0_, faculty0_.username as username6_2_0_, faculty0_.office as office7_2_0_, faculty0_.tenure as tenure8_2_0_ from person faculty0_ where faculty0_.person_id=? and faculty0_.dtype='Faculty'
Hibernate: select sections0_.course_id as course_i4_3_0_, sections0_.id as id1_3_0_, sections0_.id as id1_3_1_, sections0_.course_id as course_i4_3_1_, sections0_.seats as seats2_3_1_, sections0_.title as title3_3_1_ from section sections0_ where sections0_.course_id=?
Hibernate: select sections0_.course_id as course_i4_3_0_, sections0_.id as id1_3_0_, sections0_.id as id1_3_1_, sections0_.course_id as course_i4_3_1_, sections0_.seats as seats2_3_1_, sections0_.title as title3_3_1_ from section sections0_ where sections0_.course_id=?
Hibernate: select authoredco0_.author_person_id as author_p3_0_0_, authoredco0_.id as id1_0_0_, authoredco0_.id as id1_0_1_, authoredco0_.author_person_id as author_p3_0_1_, authoredco0_.label as label2_0_1_ from course authoredco0_ where authoredco0_.author_person_id=?
Hibernate: select sections0_.course_id as course_i4_3_0_, sections0_.id as id1_3_0_, sections0_.id as id1_3_1_, sections0_.course_id as course_i4_3_1_, sections0_.seats as seats2_3_1_, sections0_.title as title3_3_1_ from section sections0_ where sections0_.course_id=?
Hibernate: select sections0_.course_id as course_i4_3_0_, sections0_.id as id1_3_0_, sections0_.id as id1_3_1_, sections0_.course_id as course_i4_3_1_, sections0_.seats as seats2_3_1_, sections0_.title as title3_3_1_ from section sections0_ where sections0_.course_id=?
Hibernate: select authoredco0_.author_person_id as author_p3_0_0_, authoredco0_.id as id1_0_0_, authoredco0_.id as id1_0_1_, authoredco0_.author_person_id as author_p3_0_1_, authoredco0_.label as label2_0_1_ from course authoredco0_ where authoredco0_.author_person_id=?
Hibernate: select student0_.person_id as person_i2_2_, student0_.first_name as first_na3_2_, student0_.last_name as last_nam4_2_, student0_.password as password5_2_, student0_.username as username6_2_, student0_.grad_year as grad_yea9_2_, student0_.scholarship as scholar10_2_ from person student0_ where student0_.dtype='Student'
Hibernate: select enrolledse0_.student_id as student_1_1_0_, enrolledse0_.section_id as section_2_1_0_, section1_.id as id1_3_1_, section1_.course_id as course_i4_3_1_, section1_.seats as seats2_3_1_, section1_.title as title3_3_1_, course2_.id as id1_0_2_, course2_.author_person_id as author_p3_0_2_, course2_.label as label2_0_2_, faculty3_.person_id as person_i2_2_3_, faculty3_.first_name as first_na3_2_3_, faculty3_.last_name as last_nam4_2_3_, faculty3_.password as password5_2_3_, faculty3_.username as username6_2_3_, faculty3_.office as office7_2_3_, faculty3_.tenure as tenure8_2_3_ from enrollment enrolledse0_ inner join section section1_ on enrolledse0_.section_id=section1_.id left outer join course course2_ on section1_.course_id=course2_.id left outer join person faculty3_ on course2_.author_person_id=faculty3_.person_id where enrolledse0_.student_id=?
Hibernate: select enrolledse0_.student_id as student_1_1_0_, enrolledse0_.section_id as section_2_1_0_, section1_.id as id1_3_1_, section1_.course_id as course_i4_3_1_, section1_.seats as seats2_3_1_, section1_.title as title3_3_1_, course2_.id as id1_0_2_, course2_.author_person_id as author_p3_0_2_, course2_.label as label2_0_2_, faculty3_.person_id as person_i2_2_3_, faculty3_.first_name as first_na3_2_3_, faculty3_.last_name as last_nam4_2_3_, faculty3_.password as password5_2_3_, faculty3_.username as username6_2_3_, faculty3_.office as office7_2_3_, faculty3_.tenure as tenure8_2_3_ from enrollment enrolledse0_ inner join section section1_ on enrolledse0_.section_id=section1_.id left outer join course course2_ on section1_.course_id=course2_.id left outer join person faculty3_ on course2_.author_person_id=faculty3_.person_id where enrolledse0_.student_id=?
Hibernate: select enrolledse0_.student_id as student_1_1_0_, enrolledse0_.section_id as section_2_1_0_, section1_.id as id1_3_1_, section1_.course_id as course_i4_3_1_, section1_.seats as seats2_3_1_, section1_.title as title3_3_1_, course2_.id as id1_0_2_, course2_.author_person_id as author_p3_0_2_, course2_.label as label2_0_2_, faculty3_.person_id as person_i2_2_3_, faculty3_.first_name as first_na3_2_3_, faculty3_.last_name as last_nam4_2_3_, faculty3_.password as password5_2_3_, faculty3_.username as username6_2_3_, faculty3_.office as office7_2_3_, faculty3_.tenure as tenure8_2_3_ from enrollment enrolledse0_ inner join section section1_ on enrolledse0_.section_id=section1_.id left outer join course course2_ on section1_.course_id=course2_.id left outer join person faculty3_ on course2_.author_person_id=faculty3_.person_id where enrolledse0_.student_id=?
Hibernate: select enrolledse0_.student_id as student_1_1_0_, enrolledse0_.section_id as section_2_1_0_, section1_.id as id1_3_1_, section1_.course_id as course_i4_3_1_, section1_.seats as seats2_3_1_, section1_.title as title3_3_1_, course2_.id as id1_0_2_, course2_.author_person_id as author_p3_0_2_, course2_.label as label2_0_2_, faculty3_.person_id as person_i2_2_3_, faculty3_.first_name as first_na3_2_3_, faculty3_.last_name as last_nam4_2_3_, faculty3_.password as password5_2_3_, faculty3_.username as username6_2_3_, faculty3_.office as office7_2_3_, faculty3_.tenure as tenure8_2_3_ from enrollment enrolledse0_ inner join section section1_ on enrolledse0_.section_id=section1_.id left outer join course course2_ on section1_.course_id=course2_.id left outer join person faculty3_ on course2_.author_person_id=faculty3_.person_id where enrolledse0_.student_id=?
Hibernate: select enrolledse0_.student_id as student_1_1_0_, enrolledse0_.section_id as section_2_1_0_, section1_.id as id1_3_1_, section1_.course_id as course_i4_3_1_, section1_.seats as seats2_3_1_, section1_.title as title3_3_1_, course2_.id as id1_0_2_, course2_.author_person_id as author_p3_0_2_, course2_.label as label2_0_2_, faculty3_.person_id as person_i2_2_3_, faculty3_.first_name as first_na3_2_3_, faculty3_.last_name as last_nam4_2_3_, faculty3_.password as password5_2_3_, faculty3_.username as username6_2_3_, faculty3_.office as office7_2_3_, faculty3_.tenure as tenure8_2_3_ from enrollment enrolledse0_ inner join section section1_ on enrolledse0_.section_id=section1_.id left outer join course course2_ on section1_.course_id=course2_.id left outer join person faculty3_ on course2_.author_person_id=faculty3_.person_id where enrolledse0_.student_id=?
Hibernate: select enrolledse0_.student_id as student_1_1_0_, enrolledse0_.section_id as section_2_1_0_, section1_.id as id1_3_1_, section1_.course_id as course_i4_3_1_, section1_.seats as seats2_3_1_, section1_.title as title3_3_1_, course2_.id as id1_0_2_, course2_.author_person_id as author_p3_0_2_, course2_.label as label2_0_2_, faculty3_.person_id as person_i2_2_3_, faculty3_.first_name as first_na3_2_3_, faculty3_.last_name as last_nam4_2_3_, faculty3_.password as password5_2_3_, faculty3_.username as username6_2_3_, faculty3_.office as office7_2_3_, faculty3_.tenure as tenure8_2_3_ from enrollment enrolledse0_ inner join section section1_ on enrolledse0_.section_id=section1_.id left outer join course course2_ on section1_.course_id=course2_.id left outer join person faculty3_ on course2_.author_person_id=faculty3_.person_id where enrolledse0_.student_id=?
Hibernate: select enrolledse0_.student_id as student_1_1_0_, enrolledse0_.section_id as section_2_1_0_, section1_.id as id1_3_1_, section1_.course_id as course_i4_3_1_, section1_.seats as seats2_3_1_, section1_.title as title3_3_1_, course2_.id as id1_0_2_, course2_.author_person_id as author_p3_0_2_, course2_.label as label2_0_2_, faculty3_.person_id as person_i2_2_3_, faculty3_.first_name as first_na3_2_3_, faculty3_.last_name as last_nam4_2_3_, faculty3_.password as password5_2_3_, faculty3_.username as username6_2_3_, faculty3_.office as office7_2_3_, faculty3_.tenure as tenure8_2_3_ from enrollment enrolledse0_ inner join section section1_ on enrolledse0_.section_id=section1_.id left outer join course course2_ on section1_.course_id=course2_.id left outer join person faculty3_ on course2_.author_person_id=faculty3_.person_id where enrolledse0_.student_id=?
Hibernate: delete from person where person_id=?
Hibernate: delete from person where person_id=?
Hibernate: delete from person where person_id=?
Hibernate: delete from person where person_id=?
Hibernate: delete from person where person_id=?
Hibernate: delete from person where person_id=?
Hibernate: delete from person where person_id=?
Hibernate: select faculty0_.person_id as person_i2_2_, faculty0_.first_name as first_na3_2_, faculty0_.last_name as last_nam4_2_, faculty0_.password as password5_2_, faculty0_.username as username6_2_, faculty0_.office as office7_2_, faculty0_.tenure as tenure8_2_ from person faculty0_ where faculty0_.dtype='Faculty'
Hibernate: select authoredco0_.author_person_id as author_p3_0_0_, authoredco0_.id as id1_0_0_, authoredco0_.id as id1_0_1_, authoredco0_.author_person_id as author_p3_0_1_, authoredco0_.label as label2_0_1_ from course authoredco0_ where authoredco0_.author_person_id=?
Hibernate: select sections0_.course_id as course_i4_3_0_, sections0_.id as id1_3_0_, sections0_.id as id1_3_1_, sections0_.course_id as course_i4_3_1_, sections0_.seats as seats2_3_1_, sections0_.title as title3_3_1_ from section sections0_ where sections0_.course_id=?
Hibernate: select sections0_.course_id as course_i4_3_0_, sections0_.id as id1_3_0_, sections0_.id as id1_3_1_, sections0_.course_id as course_i4_3_1_, sections0_.seats as seats2_3_1_, sections0_.title as title3_3_1_ from section sections0_ where sections0_.course_id=?
Hibernate: select authoredco0_.author_person_id as author_p3_0_0_, authoredco0_.id as id1_0_0_, authoredco0_.id as id1_0_1_, authoredco0_.author_person_id as author_p3_0_1_, authoredco0_.label as label2_0_1_ from course authoredco0_ where authoredco0_.author_person_id=?
Hibernate: select sections0_.course_id as course_i4_3_0_, sections0_.id as id1_3_0_, sections0_.id as id1_3_1_, sections0_.course_id as course_i4_3_1_, sections0_.seats as seats2_3_1_, sections0_.title as title3_3_1_ from section sections0_ where sections0_.course_id=?
Hibernate: select sections0_.course_id as course_i4_3_0_, sections0_.id as id1_3_0_, sections0_.id as id1_3_1_, sections0_.course_id as course_i4_3_1_, sections0_.seats as seats2_3_1_, sections0_.title as title3_3_1_ from section sections0_ where sections0_.course_id=?
Hibernate: delete from course where id=?
Hibernate: delete from course where id=?
Hibernate: delete from person where person_id=?
Hibernate: delete from course where id=?
Hibernate: delete from course where id=?
Hibernate: delete from person where person_id=?
Hibernate: insert into person (first_name, last_name, password, username, office, tenure, dtype) values (?, ?, ?, ?, ?, ?, 'Faculty')
Hibernate: insert into person (first_name, last_name, password, username, office, tenure, dtype) values (?, ?, ?, ?, ?, ?, 'Faculty')
Hibernate: insert into person (first_name, last_name, password, username, grad_year, scholarship, dtype) values (?, ?, ?, ?, ?, ?, 'Student')
Hibernate: insert into person (first_name, last_name, password, username, grad_year, scholarship, dtype) values (?, ?, ?, ?, ?, ?, 'Student')
Hibernate: insert into person (first_name, last_name, password, username, grad_year, scholarship, dtype) values (?, ?, ?, ?, ?, ?, 'Student')
Hibernate: insert into person (first_name, last_name, password, username, grad_year, scholarship, dtype) values (?, ?, ?, ?, ?, ?, 'Student')
Hibernate: insert into person (first_name, last_name, password, username, grad_year, scholarship, dtype) values (?, ?, ?, ?, ?, ?, 'Student')
Hibernate: insert into person (first_name, last_name, password, username, grad_year, scholarship, dtype) values (?, ?, ?, ?, ?, ?, 'Student')
Hibernate: insert into person (first_name, last_name, password, username, grad_year, scholarship, dtype) values (?, ?, ?, ?, ?, ?, 'Student')
Hibernate: select course0_.id as id1_0_0_, course0_.author_person_id as author_p3_0_0_, course0_.label as label2_0_0_ from course course0_ where course0_.id=?
Hibernate: select faculty0_.person_id as person_i2_2_0_, faculty0_.first_name as first_na3_2_0_, faculty0_.last_name as last_nam4_2_0_, faculty0_.password as password5_2_0_, faculty0_.username as username6_2_0_, faculty0_.office as office7_2_0_, faculty0_.tenure as tenure8_2_0_ from person faculty0_ where faculty0_.person_id=? and faculty0_.dtype='Faculty'
Hibernate: select authoredco0_.author_person_id as author_p3_0_0_, authoredco0_.id as id1_0_0_, authoredco0_.id as id1_0_1_, authoredco0_.author_person_id as author_p3_0_1_, authoredco0_.label as label2_0_1_ from course authoredco0_ where authoredco0_.author_person_id=?
Hibernate: insert into course (author_person_id, label, id) values (?, ?, ?)
Hibernate: select course0_.id as id1_0_0_, course0_.author_person_id as author_p3_0_0_, course0_.label as label2_0_0_ from course course0_ where course0_.id=?
Hibernate: select faculty0_.person_id as person_i2_2_0_, faculty0_.first_name as first_na3_2_0_, faculty0_.last_name as last_nam4_2_0_, faculty0_.password as password5_2_0_, faculty0_.username as username6_2_0_, faculty0_.office as office7_2_0_, faculty0_.tenure as tenure8_2_0_ from person faculty0_ where faculty0_.person_id=? and faculty0_.dtype='Faculty'
Hibernate: select authoredco0_.author_person_id as author_p3_0_0_, authoredco0_.id as id1_0_0_, authoredco0_.id as id1_0_1_, authoredco0_.author_person_id as author_p3_0_1_, authoredco0_.label as label2_0_1_ from course authoredco0_ where authoredco0_.author_person_id=?
Hibernate: select sections0_.course_id as course_i4_3_0_, sections0_.id as id1_3_0_, sections0_.id as id1_3_1_, sections0_.course_id as course_i4_3_1_, sections0_.seats as seats2_3_1_, sections0_.title as title3_3_1_ from section sections0_ where sections0_.course_id=?
Hibernate: insert into course (author_person_id, label, id) values (?, ?, ?)
Hibernate: select course0_.id as id1_0_0_, course0_.author_person_id as author_p3_0_0_, course0_.label as label2_0_0_ from course course0_ where course0_.id=?
Hibernate: select faculty0_.person_id as person_i2_2_0_, faculty0_.first_name as first_na3_2_0_, faculty0_.last_name as last_nam4_2_0_, faculty0_.password as password5_2_0_, faculty0_.username as username6_2_0_, faculty0_.office as office7_2_0_, faculty0_.tenure as tenure8_2_0_ from person faculty0_ where faculty0_.person_id=? and faculty0_.dtype='Faculty'
Hibernate: select authoredco0_.author_person_id as author_p3_0_0_, authoredco0_.id as id1_0_0_, authoredco0_.id as id1_0_1_, authoredco0_.author_person_id as author_p3_0_1_, authoredco0_.label as label2_0_1_ from course authoredco0_ where authoredco0_.author_person_id=?
Hibernate: insert into course (author_person_id, label, id) values (?, ?, ?)
Hibernate: select course0_.id as id1_0_0_, course0_.author_person_id as author_p3_0_0_, course0_.label as label2_0_0_ from course course0_ where course0_.id=?
Hibernate: select faculty0_.person_id as person_i2_2_0_, faculty0_.first_name as first_na3_2_0_, faculty0_.last_name as last_nam4_2_0_, faculty0_.password as password5_2_0_, faculty0_.username as username6_2_0_, faculty0_.office as office7_2_0_, faculty0_.tenure as tenure8_2_0_ from person faculty0_ where faculty0_.person_id=? and faculty0_.dtype='Faculty'
Hibernate: select authoredco0_.author_person_id as author_p3_0_0_, authoredco0_.id as id1_0_0_, authoredco0_.id as id1_0_1_, authoredco0_.author_person_id as author_p3_0_1_, authoredco0_.label as label2_0_1_ from course authoredco0_ where authoredco0_.author_person_id=?
Hibernate: select sections0_.course_id as course_i4_3_0_, sections0_.id as id1_3_0_, sections0_.id as id1_3_1_, sections0_.course_id as course_i4_3_1_, sections0_.seats as seats2_3_1_, sections0_.title as title3_3_1_ from section sections0_ where sections0_.course_id=?
Hibernate: insert into course (author_person_id, label, id) values (?, ?, ?)
Hibernate: select course_.id, course_.author_person_id as author_p3_0_, course_.label as label2_0_ from course course_ where course_.id=?
Hibernate: insert into section (course_id, seats, title) values (?, ?, ?)
Hibernate: select course_.id, course_.author_person_id as author_p3_0_, course_.label as label2_0_ from course course_ where course_.id=?
Hibernate: insert into section (course_id, seats, title) values (?, ?, ?)
Hibernate: select course_.id, course_.author_person_id as author_p3_0_, course_.label as label2_0_ from course course_ where course_.id=?
Hibernate: insert into section (course_id, seats, title) values (?, ?, ?)
Hibernate: select course_.id, course_.author_person_id as author_p3_0_, course_.label as label2_0_ from course course_ where course_.id=?
Hibernate: insert into section (course_id, seats, title) values (?, ?, ?)
Hibernate: select section0_.id as id1_3_0_, section0_.course_id as course_i4_3_0_, section0_.seats as seats2_3_0_, section0_.title as title3_3_0_ from section section0_ where section0_.id=?
Hibernate: select course0_.id as id1_0_0_, course0_.author_person_id as author_p3_0_0_, course0_.label as label2_0_0_ from course course0_ where course0_.id=?
Hibernate: select faculty0_.person_id as person_i2_2_1_, faculty0_.first_name as first_na3_2_1_, faculty0_.last_name as last_nam4_2_1_, faculty0_.password as password5_2_1_, faculty0_.username as username6_2_1_, faculty0_.office as office7_2_1_, faculty0_.tenure as tenure8_2_1_, authoredco1_.author_person_id as author_p3_0_3_, authoredco1_.id as id1_0_3_, authoredco1_.id as id1_0_0_, authoredco1_.author_person_id as author_p3_0_0_, authoredco1_.label as label2_0_0_ from person faculty0_ left outer join course authoredco1_ on faculty0_.person_id=authoredco1_.author_person_id where faculty0_.person_id=? and faculty0_.dtype='Faculty'
Hibernate: select enrolledst0_.section_id as section_2_1_0_, enrolledst0_.student_id as student_1_1_0_, student1_.person_id as person_i2_2_1_, student1_.first_name as first_na3_2_1_, student1_.last_name as last_nam4_2_1_, student1_.password as password5_2_1_, student1_.username as username6_2_1_, student1_.grad_year as grad_yea9_2_1_, student1_.scholarship as scholar10_2_1_ from enrollment enrolledst0_ inner join person student1_ on enrolledst0_.student_id=student1_.person_id where enrolledst0_.section_id=?
Hibernate: select sections0_.course_id as course_i4_3_0_, sections0_.id as id1_3_0_, sections0_.id as id1_3_1_, sections0_.course_id as course_i4_3_1_, sections0_.seats as seats2_3_1_, sections0_.title as title3_3_1_ from section sections0_ where sections0_.course_id=?
Hibernate: select enrolledst0_.section_id as section_2_1_0_, enrolledst0_.student_id as student_1_1_0_, student1_.person_id as person_i2_2_1_, student1_.first_name as first_na3_2_1_, student1_.last_name as last_nam4_2_1_, student1_.password as password5_2_1_, student1_.username as username6_2_1_, student1_.grad_year as grad_yea9_2_1_, student1_.scholarship as scholar10_2_1_ from enrollment enrolledst0_ inner join person student1_ on enrolledst0_.student_id=student1_.person_id where enrolledst0_.section_id=?
Hibernate: select sections0_.course_id as course_i4_3_0_, sections0_.id as id1_3_0_, sections0_.id as id1_3_1_, sections0_.course_id as course_i4_3_1_, sections0_.seats as seats2_3_1_, sections0_.title as title3_3_1_ from section sections0_ where sections0_.course_id=?
Hibernate: select enrolledst0_.section_id as section_2_1_0_, enrolledst0_.student_id as student_1_1_0_, student1_.person_id as person_i2_2_1_, student1_.first_name as first_na3_2_1_, student1_.last_name as last_nam4_2_1_, student1_.password as password5_2_1_, student1_.username as username6_2_1_, student1_.grad_year as grad_yea9_2_1_, student1_.scholarship as scholar10_2_1_ from enrollment enrolledst0_ inner join person student1_ on enrolledst0_.student_id=student1_.person_id where enrolledst0_.section_id=?
Hibernate: update section set course_id=?, seats=?, title=? where id=?
Hibernate: select section0_.id as id1_3_0_, section0_.course_id as course_i4_3_0_, section0_.seats as seats2_3_0_, section0_.title as title3_3_0_ from section section0_ where section0_.id=?
Hibernate: select course0_.id as id1_0_0_, course0_.author_person_id as author_p3_0_0_, course0_.label as label2_0_0_ from course course0_ where course0_.id=?
Hibernate: select faculty0_.person_id as person_i2_2_1_, faculty0_.first_name as first_na3_2_1_, faculty0_.last_name as last_nam4_2_1_, faculty0_.password as password5_2_1_, faculty0_.username as username6_2_1_, faculty0_.office as office7_2_1_, faculty0_.tenure as tenure8_2_1_, authoredco1_.author_person_id as author_p3_0_3_, authoredco1_.id as id1_0_3_, authoredco1_.id as id1_0_0_, authoredco1_.author_person_id as author_p3_0_0_, authoredco1_.label as label2_0_0_ from person faculty0_ left outer join course authoredco1_ on faculty0_.person_id=authoredco1_.author_person_id where faculty0_.person_id=? and faculty0_.dtype='Faculty'
Hibernate: select enrolledst0_.section_id as section_2_1_0_, enrolledst0_.student_id as student_1_1_0_, student1_.person_id as person_i2_2_1_, student1_.first_name as first_na3_2_1_, student1_.last_name as last_nam4_2_1_, student1_.password as password5_2_1_, student1_.username as username6_2_1_, student1_.grad_year as grad_yea9_2_1_, student1_.scholarship as scholar10_2_1_ from enrollment enrolledst0_ inner join person student1_ on enrolledst0_.student_id=student1_.person_id where enrolledst0_.section_id=?
Hibernate: select sections0_.course_id as course_i4_3_0_, sections0_.id as id1_3_0_, sections0_.id as id1_3_1_, sections0_.course_id as course_i4_3_1_, sections0_.seats as seats2_3_1_, sections0_.title as title3_3_1_ from section sections0_ where sections0_.course_id=?
Hibernate: select enrolledst0_.section_id as section_2_1_0_, enrolledst0_.student_id as student_1_1_0_, student1_.person_id as person_i2_2_1_, student1_.first_name as first_na3_2_1_, student1_.last_name as last_nam4_2_1_, student1_.password as password5_2_1_, student1_.username as username6_2_1_, student1_.grad_year as grad_yea9_2_1_, student1_.scholarship as scholar10_2_1_ from enrollment enrolledst0_ inner join person student1_ on enrolledst0_.student_id=student1_.person_id where enrolledst0_.section_id=?
Hibernate: select sections0_.course_id as course_i4_3_0_, sections0_.id as id1_3_0_, sections0_.id as id1_3_1_, sections0_.course_id as course_i4_3_1_, sections0_.seats as seats2_3_1_, sections0_.title as title3_3_1_ from section sections0_ where sections0_.course_id=?
Hibernate: select enrolledst0_.section_id as section_2_1_0_, enrolledst0_.student_id as student_1_1_0_, student1_.person_id as person_i2_2_1_, student1_.first_name as first_na3_2_1_, student1_.last_name as last_nam4_2_1_, student1_.password as password5_2_1_, student1_.username as username6_2_1_, student1_.grad_year as grad_yea9_2_1_, student1_.scholarship as scholar10_2_1_ from enrollment enrolledst0_ inner join person student1_ on enrolledst0_.student_id=student1_.person_id where enrolledst0_.section_id=?
Hibernate: update section set course_id=?, seats=?, title=? where id=?
Hibernate: select section0_.id as id1_3_0_, section0_.course_id as course_i4_3_0_, section0_.seats as seats2_3_0_, section0_.title as title3_3_0_ from section section0_ where section0_.id=?
Hibernate: select course0_.id as id1_0_0_, course0_.author_person_id as author_p3_0_0_, course0_.label as label2_0_0_ from course course0_ where course0_.id=?
Hibernate: select faculty0_.person_id as person_i2_2_1_, faculty0_.first_name as first_na3_2_1_, faculty0_.last_name as last_nam4_2_1_, faculty0_.password as password5_2_1_, faculty0_.username as username6_2_1_, faculty0_.office as office7_2_1_, faculty0_.tenure as tenure8_2_1_, authoredco1_.author_person_id as author_p3_0_3_, authoredco1_.id as id1_0_3_, authoredco1_.id as id1_0_0_, authoredco1_.author_person_id as author_p3_0_0_, authoredco1_.label as label2_0_0_ from person faculty0_ left outer join course authoredco1_ on faculty0_.person_id=authoredco1_.author_person_id where faculty0_.person_id=? and faculty0_.dtype='Faculty'
Hibernate: select enrolledst0_.section_id as section_2_1_0_, enrolledst0_.student_id as student_1_1_0_, student1_.person_id as person_i2_2_1_, student1_.first_name as first_na3_2_1_, student1_.last_name as last_nam4_2_1_, student1_.password as password5_2_1_, student1_.username as username6_2_1_, student1_.grad_year as grad_yea9_2_1_, student1_.scholarship as scholar10_2_1_ from enrollment enrolledst0_ inner join person student1_ on enrolledst0_.student_id=student1_.person_id where enrolledst0_.section_id=?
Hibernate: select sections0_.course_id as course_i4_3_0_, sections0_.id as id1_3_0_, sections0_.id as id1_3_1_, sections0_.course_id as course_i4_3_1_, sections0_.seats as seats2_3_1_, sections0_.title as title3_3_1_ from section sections0_ where sections0_.course_id=?
Hibernate: select enrolledst0_.section_id as section_2_1_0_, enrolledst0_.student_id as student_1_1_0_, student1_.person_id as person_i2_2_1_, student1_.first_name as first_na3_2_1_, student1_.last_name as last_nam4_2_1_, student1_.password as password5_2_1_, student1_.username as username6_2_1_, student1_.grad_year as grad_yea9_2_1_, student1_.scholarship as scholar10_2_1_ from enrollment enrolledst0_ inner join person student1_ on enrolledst0_.student_id=student1_.person_id where enrolledst0_.section_id=?
Hibernate: select sections0_.course_id as course_i4_3_0_, sections0_.id as id1_3_0_, sections0_.id as id1_3_1_, sections0_.course_id as course_i4_3_1_, sections0_.seats as seats2_3_1_, sections0_.title as title3_3_1_ from section sections0_ where sections0_.course_id=?
Hibernate: select enrolledst0_.section_id as section_2_1_0_, enrolledst0_.student_id as student_1_1_0_, student1_.person_id as person_i2_2_1_, student1_.first_name as first_na3_2_1_, student1_.last_name as last_nam4_2_1_, student1_.password as password5_2_1_, student1_.username as username6_2_1_, student1_.grad_year as grad_yea9_2_1_, student1_.scholarship as scholar10_2_1_ from enrollment enrolledst0_ inner join person student1_ on enrolledst0_.student_id=student1_.person_id where enrolledst0_.section_id=?
Hibernate: update section set course_id=?, seats=?, title=? where id=?
Hibernate: select section0_.id as id1_3_0_, section0_.course_id as course_i4_3_0_, section0_.seats as seats2_3_0_, section0_.title as title3_3_0_ from section section0_ where section0_.id=?
Hibernate: select course0_.id as id1_0_0_, course0_.author_person_id as author_p3_0_0_, course0_.label as label2_0_0_ from course course0_ where course0_.id=?
Hibernate: select faculty0_.person_id as person_i2_2_1_, faculty0_.first_name as first_na3_2_1_, faculty0_.last_name as last_nam4_2_1_, faculty0_.password as password5_2_1_, faculty0_.username as username6_2_1_, faculty0_.office as office7_2_1_, faculty0_.tenure as tenure8_2_1_, authoredco1_.author_person_id as author_p3_0_3_, authoredco1_.id as id1_0_3_, authoredco1_.id as id1_0_0_, authoredco1_.author_person_id as author_p3_0_0_, authoredco1_.label as label2_0_0_ from person faculty0_ left outer join course authoredco1_ on faculty0_.person_id=authoredco1_.author_person_id where faculty0_.person_id=? and faculty0_.dtype='Faculty'
Hibernate: select enrolledst0_.section_id as section_2_1_0_, enrolledst0_.student_id as student_1_1_0_, student1_.person_id as person_i2_2_1_, student1_.first_name as first_na3_2_1_, student1_.last_name as last_nam4_2_1_, student1_.password as password5_2_1_, student1_.username as username6_2_1_, student1_.grad_year as grad_yea9_2_1_, student1_.scholarship as scholar10_2_1_ from enrollment enrolledst0_ inner join person student1_ on enrolledst0_.student_id=student1_.person_id where enrolledst0_.section_id=?
Hibernate: select sections0_.course_id as course_i4_3_0_, sections0_.id as id1_3_0_, sections0_.id as id1_3_1_, sections0_.course_id as course_i4_3_1_, sections0_.seats as seats2_3_1_, sections0_.title as title3_3_1_ from section sections0_ where sections0_.course_id=?
Hibernate: select sections0_.course_id as course_i4_3_0_, sections0_.id as id1_3_0_, sections0_.id as id1_3_1_, sections0_.course_id as course_i4_3_1_, sections0_.seats as seats2_3_1_, sections0_.title as title3_3_1_ from section sections0_ where sections0_.course_id=?
Hibernate: select enrolledst0_.section_id as section_2_1_0_, enrolledst0_.student_id as student_1_1_0_, student1_.person_id as person_i2_2_1_, student1_.first_name as first_na3_2_1_, student1_.last_name as last_nam4_2_1_, student1_.password as password5_2_1_, student1_.username as username6_2_1_, student1_.grad_year as grad_yea9_2_1_, student1_.scholarship as scholar10_2_1_ from enrollment enrolledst0_ inner join person student1_ on enrolledst0_.student_id=student1_.person_id where enrolledst0_.section_id=?
Hibernate: select enrolledst0_.section_id as section_2_1_0_, enrolledst0_.student_id as student_1_1_0_, student1_.person_id as person_i2_2_1_, student1_.first_name as first_na3_2_1_, student1_.last_name as last_nam4_2_1_, student1_.password as password5_2_1_, student1_.username as username6_2_1_, student1_.grad_year as grad_yea9_2_1_, student1_.scholarship as scholar10_2_1_ from enrollment enrolledst0_ inner join person student1_ on enrolledst0_.student_id=student1_.person_id where enrolledst0_.section_id=?
Hibernate: update section set course_id=?, seats=?, title=? where id=?
Hibernate: select student0_.person_id as person_i2_2_, student0_.first_name as first_na3_2_, student0_.last_name as last_nam4_2_, student0_.password as password5_2_, student0_.username as username6_2_, student0_.grad_year as grad_yea9_2_, student0_.scholarship as scholar10_2_ from person student0_ where student0_.dtype='Student'
Hibernate: select enrolledse0_.student_id as student_1_1_0_, enrolledse0_.section_id as section_2_1_0_, section1_.id as id1_3_1_, section1_.course_id as course_i4_3_1_, section1_.seats as seats2_3_1_, section1_.title as title3_3_1_, course2_.id as id1_0_2_, course2_.author_person_id as author_p3_0_2_, course2_.label as label2_0_2_, faculty3_.person_id as person_i2_2_3_, faculty3_.first_name as first_na3_2_3_, faculty3_.last_name as last_nam4_2_3_, faculty3_.password as password5_2_3_, faculty3_.username as username6_2_3_, faculty3_.office as office7_2_3_, faculty3_.tenure as tenure8_2_3_ from enrollment enrolledse0_ inner join section section1_ on enrolledse0_.section_id=section1_.id left outer join course course2_ on section1_.course_id=course2_.id left outer join person faculty3_ on course2_.author_person_id=faculty3_.person_id where enrolledse0_.student_id=?
Hibernate: select enrolledse0_.student_id as student_1_1_0_, enrolledse0_.section_id as section_2_1_0_, section1_.id as id1_3_1_, section1_.course_id as course_i4_3_1_, section1_.seats as seats2_3_1_, section1_.title as title3_3_1_, course2_.id as id1_0_2_, course2_.author_person_id as author_p3_0_2_, course2_.label as label2_0_2_, faculty3_.person_id as person_i2_2_3_, faculty3_.first_name as first_na3_2_3_, faculty3_.last_name as last_nam4_2_3_, faculty3_.password as password5_2_3_, faculty3_.username as username6_2_3_, faculty3_.office as office7_2_3_, faculty3_.tenure as tenure8_2_3_ from enrollment enrolledse0_ inner join section section1_ on enrolledse0_.section_id=section1_.id left outer join course course2_ on section1_.course_id=course2_.id left outer join person faculty3_ on course2_.author_person_id=faculty3_.person_id where enrolledse0_.student_id=?
Hibernate: select enrolledse0_.student_id as student_1_1_0_, enrolledse0_.section_id as section_2_1_0_, section1_.id as id1_3_1_, section1_.course_id as course_i4_3_1_, section1_.seats as seats2_3_1_, section1_.title as title3_3_1_, course2_.id as id1_0_2_, course2_.author_person_id as author_p3_0_2_, course2_.label as label2_0_2_, faculty3_.person_id as person_i2_2_3_, faculty3_.first_name as first_na3_2_3_, faculty3_.last_name as last_nam4_2_3_, faculty3_.password as password5_2_3_, faculty3_.username as username6_2_3_, faculty3_.office as office7_2_3_, faculty3_.tenure as tenure8_2_3_ from enrollment enrolledse0_ inner join section section1_ on enrolledse0_.section_id=section1_.id left outer join course course2_ on section1_.course_id=course2_.id left outer join person faculty3_ on course2_.author_person_id=faculty3_.person_id where enrolledse0_.student_id=?
Hibernate: select enrolledse0_.student_id as student_1_1_0_, enrolledse0_.section_id as section_2_1_0_, section1_.id as id1_3_1_, section1_.course_id as course_i4_3_1_, section1_.seats as seats2_3_1_, section1_.title as title3_3_1_, course2_.id as id1_0_2_, course2_.author_person_id as author_p3_0_2_, course2_.label as label2_0_2_, faculty3_.person_id as person_i2_2_3_, faculty3_.first_name as first_na3_2_3_, faculty3_.last_name as last_nam4_2_3_, faculty3_.password as password5_2_3_, faculty3_.username as username6_2_3_, faculty3_.office as office7_2_3_, faculty3_.tenure as tenure8_2_3_ from enrollment enrolledse0_ inner join section section1_ on enrolledse0_.section_id=section1_.id left outer join course course2_ on section1_.course_id=course2_.id left outer join person faculty3_ on course2_.author_person_id=faculty3_.person_id where enrolledse0_.student_id=?
Hibernate: select enrolledse0_.student_id as student_1_1_0_, enrolledse0_.section_id as section_2_1_0_, section1_.id as id1_3_1_, section1_.course_id as course_i4_3_1_, section1_.seats as seats2_3_1_, section1_.title as title3_3_1_, course2_.id as id1_0_2_, course2_.author_person_id as author_p3_0_2_, course2_.label as label2_0_2_, faculty3_.person_id as person_i2_2_3_, faculty3_.first_name as first_na3_2_3_, faculty3_.last_name as last_nam4_2_3_, faculty3_.password as password5_2_3_, faculty3_.username as username6_2_3_, faculty3_.office as office7_2_3_, faculty3_.tenure as tenure8_2_3_ from enrollment enrolledse0_ inner join section section1_ on enrolledse0_.section_id=section1_.id left outer join course course2_ on section1_.course_id=course2_.id left outer join person faculty3_ on course2_.author_person_id=faculty3_.person_id where enrolledse0_.student_id=?
Hibernate: select enrolledse0_.student_id as student_1_1_0_, enrolledse0_.section_id as section_2_1_0_, section1_.id as id1_3_1_, section1_.course_id as course_i4_3_1_, section1_.seats as seats2_3_1_, section1_.title as title3_3_1_, course2_.id as id1_0_2_, course2_.author_person_id as author_p3_0_2_, course2_.label as label2_0_2_, faculty3_.person_id as person_i2_2_3_, faculty3_.first_name as first_na3_2_3_, faculty3_.last_name as last_nam4_2_3_, faculty3_.password as password5_2_3_, faculty3_.username as username6_2_3_, faculty3_.office as office7_2_3_, faculty3_.tenure as tenure8_2_3_ from enrollment enrolledse0_ inner join section section1_ on enrolledse0_.section_id=section1_.id left outer join course course2_ on section1_.course_id=course2_.id left outer join person faculty3_ on course2_.author_person_id=faculty3_.person_id where enrolledse0_.student_id=?
Hibernate: select enrolledse0_.student_id as student_1_1_0_, enrolledse0_.section_id as section_2_1_0_, section1_.id as id1_3_1_, section1_.course_id as course_i4_3_1_, section1_.seats as seats2_3_1_, section1_.title as title3_3_1_, course2_.id as id1_0_2_, course2_.author_person_id as author_p3_0_2_, course2_.label as label2_0_2_, faculty3_.person_id as person_i2_2_3_, faculty3_.first_name as first_na3_2_3_, faculty3_.last_name as last_nam4_2_3_, faculty3_.password as password5_2_3_, faculty3_.username as username6_2_3_, faculty3_.office as office7_2_3_, faculty3_.tenure as tenure8_2_3_ from enrollment enrolledse0_ inner join section section1_ on enrolledse0_.section_id=section1_.id left outer join course course2_ on section1_.course_id=course2_.id left outer join person faculty3_ on course2_.author_person_id=faculty3_.person_id where enrolledse0_.student_id=?
]]></system-out>
  </testcase>
  <testcase name="testValidateFaculty" classname="edu.northeastern.cs5200.TestAll" time="7.864"/>
  <testcase name="testValidateSectionSeats" classname="edu.northeastern.cs5200.TestAll" time="7.722"/>
  <testcase name="testValidateCourseAuthorship" classname="edu.northeastern.cs5200.TestAll" time="8.055"/>
  <testcase name="testValidateStudentEnrollments" classname="edu.northeastern.cs5200.TestAll" time="7.8">
    <failure message="expected:&lt;2&gt; but was:&lt;0&gt;" type="java.lang.AssertionError"><![CDATA[java.lang.AssertionError: expected:<2> but was:<0>
	at edu.northeastern.cs5200.TestAll.testValidateStudentEnrollments(TestAll.java:271)
]]></failure>
    <system-out><![CDATA[Hibernate: select section0_.id as id1_3_, section0_.course_id as course_i4_3_, section0_.seats as seats2_3_, section0_.title as title3_3_ from section section0_
Hibernate: select course0_.id as id1_0_0_, course0_.author_person_id as author_p3_0_0_, course0_.label as label2_0_0_, faculty1_.person_id as person_i2_2_1_, faculty1_.first_name as first_na3_2_1_, faculty1_.last_name as last_nam4_2_1_, faculty1_.password as password5_2_1_, faculty1_.username as username6_2_1_, faculty1_.office as office7_2_1_, faculty1_.tenure as tenure8_2_1_, sections2_.course_id as course_i4_3_2_, sections2_.id as id1_3_2_, sections2_.id as id1_3_3_, sections2_.course_id as course_i4_3_3_, sections2_.seats as seats2_3_3_, sections2_.title as title3_3_3_, enrolledst3_.section_id as section_2_1_4_, student4_.person_id as student_1_1_4_, student4_.person_id as person_i2_2_5_, student4_.first_name as first_na3_2_5_, student4_.last_name as last_nam4_2_5_, student4_.password as password5_2_5_, student4_.username as username6_2_5_, student4_.grad_year as grad_yea9_2_5_, student4_.scholarship as scholar10_2_5_ from course course0_ left outer join person faculty1_ on course0_.author_person_id=faculty1_.person_id left outer join section sections2_ on course0_.id=sections2_.course_id left outer join enrollment enrolledst3_ on sections2_.id=enrolledst3_.section_id left outer join person student4_ on enrolledst3_.student_id=student4_.person_id where course0_.id=?
Hibernate: select course0_.id as id1_0_0_, course0_.author_person_id as author_p3_0_0_, course0_.label as label2_0_0_, faculty1_.person_id as person_i2_2_1_, faculty1_.first_name as first_na3_2_1_, faculty1_.last_name as last_nam4_2_1_, faculty1_.password as password5_2_1_, faculty1_.username as username6_2_1_, faculty1_.office as office7_2_1_, faculty1_.tenure as tenure8_2_1_, sections2_.course_id as course_i4_3_2_, sections2_.id as id1_3_2_, sections2_.id as id1_3_3_, sections2_.course_id as course_i4_3_3_, sections2_.seats as seats2_3_3_, sections2_.title as title3_3_3_, enrolledst3_.section_id as section_2_1_4_, student4_.person_id as student_1_1_4_, student4_.person_id as person_i2_2_5_, student4_.first_name as first_na3_2_5_, student4_.last_name as last_nam4_2_5_, student4_.password as password5_2_5_, student4_.username as username6_2_5_, student4_.grad_year as grad_yea9_2_5_, student4_.scholarship as scholar10_2_5_ from course course0_ left outer join person faculty1_ on course0_.author_person_id=faculty1_.person_id left outer join section sections2_ on course0_.id=sections2_.course_id left outer join enrollment enrolledst3_ on sections2_.id=enrolledst3_.section_id left outer join person student4_ on enrolledst3_.student_id=student4_.person_id where course0_.id=?
Hibernate: select course0_.id as id1_0_0_, course0_.author_person_id as author_p3_0_0_, course0_.label as label2_0_0_, faculty1_.person_id as person_i2_2_1_, faculty1_.first_name as first_na3_2_1_, faculty1_.last_name as last_nam4_2_1_, faculty1_.password as password5_2_1_, faculty1_.username as username6_2_1_, faculty1_.office as office7_2_1_, faculty1_.tenure as tenure8_2_1_, sections2_.course_id as course_i4_3_2_, sections2_.id as id1_3_2_, sections2_.id as id1_3_3_, sections2_.course_id as course_i4_3_3_, sections2_.seats as seats2_3_3_, sections2_.title as title3_3_3_, enrolledst3_.section_id as section_2_1_4_, student4_.person_id as student_1_1_4_, student4_.person_id as person_i2_2_5_, student4_.first_name as first_na3_2_5_, student4_.last_name as last_nam4_2_5_, student4_.password as password5_2_5_, student4_.username as username6_2_5_, student4_.grad_year as grad_yea9_2_5_, student4_.scholarship as scholar10_2_5_ from course course0_ left outer join person faculty1_ on course0_.author_person_id=faculty1_.person_id left outer join section sections2_ on course0_.id=sections2_.course_id left outer join enrollment enrolledst3_ on sections2_.id=enrolledst3_.section_id left outer join person student4_ on enrolledst3_.student_id=student4_.person_id where course0_.id=?
Hibernate: select authoredco0_.author_person_id as author_p3_0_0_, authoredco0_.id as id1_0_0_, authoredco0_.id as id1_0_1_, authoredco0_.author_person_id as author_p3_0_1_, authoredco0_.label as label2_0_1_ from course authoredco0_ where authoredco0_.author_person_id=?
Hibernate: select authoredco0_.author_person_id as author_p3_0_0_, authoredco0_.id as id1_0_0_, authoredco0_.id as id1_0_1_, authoredco0_.author_person_id as author_p3_0_1_, authoredco0_.label as label2_0_1_ from course authoredco0_ where authoredco0_.author_person_id=?
Hibernate: select sections0_.course_id as course_i4_3_0_, sections0_.id as id1_3_0_, sections0_.id as id1_3_1_, sections0_.course_id as course_i4_3_1_, sections0_.seats as seats2_3_1_, sections0_.title as title3_3_1_ from section sections0_ where sections0_.course_id=?
Hibernate: delete from section where id=?
Hibernate: delete from section where id=?
Hibernate: delete from section where id=?
Hibernate: delete from section where id=?
Hibernate: select course0_.id as id1_0_, course0_.author_person_id as author_p3_0_, course0_.label as label2_0_ from course course0_
Hibernate: select faculty0_.person_id as person_i2_2_0_, faculty0_.first_name as first_na3_2_0_, faculty0_.last_name as last_nam4_2_0_, faculty0_.password as password5_2_0_, faculty0_.username as username6_2_0_, faculty0_.office as office7_2_0_, faculty0_.tenure as tenure8_2_0_ from person faculty0_ where faculty0_.person_id=? and faculty0_.dtype='Faculty'
Hibernate: select faculty0_.person_id as person_i2_2_0_, faculty0_.first_name as first_na3_2_0_, faculty0_.last_name as last_nam4_2_0_, faculty0_.password as password5_2_0_, faculty0_.username as username6_2_0_, faculty0_.office as office7_2_0_, faculty0_.tenure as tenure8_2_0_ from person faculty0_ where faculty0_.person_id=? and faculty0_.dtype='Faculty'
Hibernate: select sections0_.course_id as course_i4_3_0_, sections0_.id as id1_3_0_, sections0_.id as id1_3_1_, sections0_.course_id as course_i4_3_1_, sections0_.seats as seats2_3_1_, sections0_.title as title3_3_1_ from section sections0_ where sections0_.course_id=?
Hibernate: select sections0_.course_id as course_i4_3_0_, sections0_.id as id1_3_0_, sections0_.id as id1_3_1_, sections0_.course_id as course_i4_3_1_, sections0_.seats as seats2_3_1_, sections0_.title as title3_3_1_ from section sections0_ where sections0_.course_id=?
Hibernate: select authoredco0_.author_person_id as author_p3_0_0_, authoredco0_.id as id1_0_0_, authoredco0_.id as id1_0_1_, authoredco0_.author_person_id as author_p3_0_1_, authoredco0_.label as label2_0_1_ from course authoredco0_ where authoredco0_.author_person_id=?
Hibernate: select sections0_.course_id as course_i4_3_0_, sections0_.id as id1_3_0_, sections0_.id as id1_3_1_, sections0_.course_id as course_i4_3_1_, sections0_.seats as seats2_3_1_, sections0_.title as title3_3_1_ from section sections0_ where sections0_.course_id=?
Hibernate: select sections0_.course_id as course_i4_3_0_, sections0_.id as id1_3_0_, sections0_.id as id1_3_1_, sections0_.course_id as course_i4_3_1_, sections0_.seats as seats2_3_1_, sections0_.title as title3_3_1_ from section sections0_ where sections0_.course_id=?
Hibernate: select authoredco0_.author_person_id as author_p3_0_0_, authoredco0_.id as id1_0_0_, authoredco0_.id as id1_0_1_, authoredco0_.author_person_id as author_p3_0_1_, authoredco0_.label as label2_0_1_ from course authoredco0_ where authoredco0_.author_person_id=?
Hibernate: select student0_.person_id as person_i2_2_, student0_.first_name as first_na3_2_, student0_.last_name as last_nam4_2_, student0_.password as password5_2_, student0_.username as username6_2_, student0_.grad_year as grad_yea9_2_, student0_.scholarship as scholar10_2_ from person student0_ where student0_.dtype='Student'
Hibernate: select enrolledse0_.student_id as student_1_1_0_, enrolledse0_.section_id as section_2_1_0_, section1_.id as id1_3_1_, section1_.course_id as course_i4_3_1_, section1_.seats as seats2_3_1_, section1_.title as title3_3_1_, course2_.id as id1_0_2_, course2_.author_person_id as author_p3_0_2_, course2_.label as label2_0_2_, faculty3_.person_id as person_i2_2_3_, faculty3_.first_name as first_na3_2_3_, faculty3_.last_name as last_nam4_2_3_, faculty3_.password as password5_2_3_, faculty3_.username as username6_2_3_, faculty3_.office as office7_2_3_, faculty3_.tenure as tenure8_2_3_ from enrollment enrolledse0_ inner join section section1_ on enrolledse0_.section_id=section1_.id left outer join course course2_ on section1_.course_id=course2_.id left outer join person faculty3_ on course2_.author_person_id=faculty3_.person_id where enrolledse0_.student_id=?
Hibernate: select enrolledse0_.student_id as student_1_1_0_, enrolledse0_.section_id as section_2_1_0_, section1_.id as id1_3_1_, section1_.course_id as course_i4_3_1_, section1_.seats as seats2_3_1_, section1_.title as title3_3_1_, course2_.id as id1_0_2_, course2_.author_person_id as author_p3_0_2_, course2_.label as label2_0_2_, faculty3_.person_id as person_i2_2_3_, faculty3_.first_name as first_na3_2_3_, faculty3_.last_name as last_nam4_2_3_, faculty3_.password as password5_2_3_, faculty3_.username as username6_2_3_, faculty3_.office as office7_2_3_, faculty3_.tenure as tenure8_2_3_ from enrollment enrolledse0_ inner join section section1_ on enrolledse0_.section_id=section1_.id left outer join course course2_ on section1_.course_id=course2_.id left outer join person faculty3_ on course2_.author_person_id=faculty3_.person_id where enrolledse0_.student_id=?
Hibernate: select enrolledse0_.student_id as student_1_1_0_, enrolledse0_.section_id as section_2_1_0_, section1_.id as id1_3_1_, section1_.course_id as course_i4_3_1_, section1_.seats as seats2_3_1_, section1_.title as title3_3_1_, course2_.id as id1_0_2_, course2_.author_person_id as author_p3_0_2_, course2_.label as label2_0_2_, faculty3_.person_id as person_i2_2_3_, faculty3_.first_name as first_na3_2_3_, faculty3_.last_name as last_nam4_2_3_, faculty3_.password as password5_2_3_, faculty3_.username as username6_2_3_, faculty3_.office as office7_2_3_, faculty3_.tenure as tenure8_2_3_ from enrollment enrolledse0_ inner join section section1_ on enrolledse0_.section_id=section1_.id left outer join course course2_ on section1_.course_id=course2_.id left outer join person faculty3_ on course2_.author_person_id=faculty3_.person_id where enrolledse0_.student_id=?
Hibernate: select enrolledse0_.student_id as student_1_1_0_, enrolledse0_.section_id as section_2_1_0_, section1_.id as id1_3_1_, section1_.course_id as course_i4_3_1_, section1_.seats as seats2_3_1_, section1_.title as title3_3_1_, course2_.id as id1_0_2_, course2_.author_person_id as author_p3_0_2_, course2_.label as label2_0_2_, faculty3_.person_id as person_i2_2_3_, faculty3_.first_name as first_na3_2_3_, faculty3_.last_name as last_nam4_2_3_, faculty3_.password as password5_2_3_, faculty3_.username as username6_2_3_, faculty3_.office as office7_2_3_, faculty3_.tenure as tenure8_2_3_ from enrollment enrolledse0_ inner join section section1_ on enrolledse0_.section_id=section1_.id left outer join course course2_ on section1_.course_id=course2_.id left outer join person faculty3_ on course2_.author_person_id=faculty3_.person_id where enrolledse0_.student_id=?
Hibernate: select enrolledse0_.student_id as student_1_1_0_, enrolledse0_.section_id as section_2_1_0_, section1_.id as id1_3_1_, section1_.course_id as course_i4_3_1_, section1_.seats as seats2_3_1_, section1_.title as title3_3_1_, course2_.id as id1_0_2_, course2_.author_person_id as author_p3_0_2_, course2_.label as label2_0_2_, faculty3_.person_id as person_i2_2_3_, faculty3_.first_name as first_na3_2_3_, faculty3_.last_name as last_nam4_2_3_, faculty3_.password as password5_2_3_, faculty3_.username as username6_2_3_, faculty3_.office as office7_2_3_, faculty3_.tenure as tenure8_2_3_ from enrollment enrolledse0_ inner join section section1_ on enrolledse0_.section_id=section1_.id left outer join course course2_ on section1_.course_id=course2_.id left outer join person faculty3_ on course2_.author_person_id=faculty3_.person_id where enrolledse0_.student_id=?
Hibernate: select enrolledse0_.student_id as student_1_1_0_, enrolledse0_.section_id as section_2_1_0_, section1_.id as id1_3_1_, section1_.course_id as course_i4_3_1_, section1_.seats as seats2_3_1_, section1_.title as title3_3_1_, course2_.id as id1_0_2_, course2_.author_person_id as author_p3_0_2_, course2_.label as label2_0_2_, faculty3_.person_id as person_i2_2_3_, faculty3_.first_name as first_na3_2_3_, faculty3_.last_name as last_nam4_2_3_, faculty3_.password as password5_2_3_, faculty3_.username as username6_2_3_, faculty3_.office as office7_2_3_, faculty3_.tenure as tenure8_2_3_ from enrollment enrolledse0_ inner join section section1_ on enrolledse0_.section_id=section1_.id left outer join course course2_ on section1_.course_id=course2_.id left outer join person faculty3_ on course2_.author_person_id=faculty3_.person_id where enrolledse0_.student_id=?
Hibernate: select enrolledse0_.student_id as student_1_1_0_, enrolledse0_.section_id as section_2_1_0_, section1_.id as id1_3_1_, section1_.course_id as course_i4_3_1_, section1_.seats as seats2_3_1_, section1_.title as title3_3_1_, course2_.id as id1_0_2_, course2_.author_person_id as author_p3_0_2_, course2_.label as label2_0_2_, faculty3_.person_id as person_i2_2_3_, faculty3_.first_name as first_na3_2_3_, faculty3_.last_name as last_nam4_2_3_, faculty3_.password as password5_2_3_, faculty3_.username as username6_2_3_, faculty3_.office as office7_2_3_, faculty3_.tenure as tenure8_2_3_ from enrollment enrolledse0_ inner join section section1_ on enrolledse0_.section_id=section1_.id left outer join course course2_ on section1_.course_id=course2_.id left outer join person faculty3_ on course2_.author_person_id=faculty3_.person_id where enrolledse0_.student_id=?
Hibernate: delete from person where person_id=?
Hibernate: delete from person where person_id=?
Hibernate: delete from person where person_id=?
Hibernate: delete from person where person_id=?
Hibernate: delete from person where person_id=?
Hibernate: delete from person where person_id=?
Hibernate: delete from person where person_id=?
Hibernate: select faculty0_.person_id as person_i2_2_, faculty0_.first_name as first_na3_2_, faculty0_.last_name as last_nam4_2_, faculty0_.password as password5_2_, faculty0_.username as username6_2_, faculty0_.office as office7_2_, faculty0_.tenure as tenure8_2_ from person faculty0_ where faculty0_.dtype='Faculty'
Hibernate: select authoredco0_.author_person_id as author_p3_0_0_, authoredco0_.id as id1_0_0_, authoredco0_.id as id1_0_1_, authoredco0_.author_person_id as author_p3_0_1_, authoredco0_.label as label2_0_1_ from course authoredco0_ where authoredco0_.author_person_id=?
Hibernate: select sections0_.course_id as course_i4_3_0_, sections0_.id as id1_3_0_, sections0_.id as id1_3_1_, sections0_.course_id as course_i4_3_1_, sections0_.seats as seats2_3_1_, sections0_.title as title3_3_1_ from section sections0_ where sections0_.course_id=?
Hibernate: select sections0_.course_id as course_i4_3_0_, sections0_.id as id1_3_0_, sections0_.id as id1_3_1_, sections0_.course_id as course_i4_3_1_, sections0_.seats as seats2_3_1_, sections0_.title as title3_3_1_ from section sections0_ where sections0_.course_id=?
Hibernate: select authoredco0_.author_person_id as author_p3_0_0_, authoredco0_.id as id1_0_0_, authoredco0_.id as id1_0_1_, authoredco0_.author_person_id as author_p3_0_1_, authoredco0_.label as label2_0_1_ from course authoredco0_ where authoredco0_.author_person_id=?
Hibernate: select sections0_.course_id as course_i4_3_0_, sections0_.id as id1_3_0_, sections0_.id as id1_3_1_, sections0_.course_id as course_i4_3_1_, sections0_.seats as seats2_3_1_, sections0_.title as title3_3_1_ from section sections0_ where sections0_.course_id=?
Hibernate: select sections0_.course_id as course_i4_3_0_, sections0_.id as id1_3_0_, sections0_.id as id1_3_1_, sections0_.course_id as course_i4_3_1_, sections0_.seats as seats2_3_1_, sections0_.title as title3_3_1_ from section sections0_ where sections0_.course_id=?
Hibernate: delete from course where id=?
Hibernate: delete from course where id=?
Hibernate: delete from person where person_id=?
Hibernate: delete from course where id=?
Hibernate: delete from course where id=?
Hibernate: delete from person where person_id=?
Hibernate: insert into person (first_name, last_name, password, username, office, tenure, dtype) values (?, ?, ?, ?, ?, ?, 'Faculty')
Hibernate: insert into person (first_name, last_name, password, username, office, tenure, dtype) values (?, ?, ?, ?, ?, ?, 'Faculty')
Hibernate: insert into person (first_name, last_name, password, username, grad_year, scholarship, dtype) values (?, ?, ?, ?, ?, ?, 'Student')
Hibernate: insert into person (first_name, last_name, password, username, grad_year, scholarship, dtype) values (?, ?, ?, ?, ?, ?, 'Student')
Hibernate: insert into person (first_name, last_name, password, username, grad_year, scholarship, dtype) values (?, ?, ?, ?, ?, ?, 'Student')
Hibernate: insert into person (first_name, last_name, password, username, grad_year, scholarship, dtype) values (?, ?, ?, ?, ?, ?, 'Student')
Hibernate: insert into person (first_name, last_name, password, username, grad_year, scholarship, dtype) values (?, ?, ?, ?, ?, ?, 'Student')
Hibernate: insert into person (first_name, last_name, password, username, grad_year, scholarship, dtype) values (?, ?, ?, ?, ?, ?, 'Student')
Hibernate: insert into person (first_name, last_name, password, username, grad_year, scholarship, dtype) values (?, ?, ?, ?, ?, ?, 'Student')
Hibernate: select course0_.id as id1_0_0_, course0_.author_person_id as author_p3_0_0_, course0_.label as label2_0_0_ from course course0_ where course0_.id=?
Hibernate: select faculty0_.person_id as person_i2_2_0_, faculty0_.first_name as first_na3_2_0_, faculty0_.last_name as last_nam4_2_0_, faculty0_.password as password5_2_0_, faculty0_.username as username6_2_0_, faculty0_.office as office7_2_0_, faculty0_.tenure as tenure8_2_0_ from person faculty0_ where faculty0_.person_id=? and faculty0_.dtype='Faculty'
Hibernate: select authoredco0_.author_person_id as author_p3_0_0_, authoredco0_.id as id1_0_0_, authoredco0_.id as id1_0_1_, authoredco0_.author_person_id as author_p3_0_1_, authoredco0_.label as label2_0_1_ from course authoredco0_ where authoredco0_.author_person_id=?
Hibernate: insert into course (author_person_id, label, id) values (?, ?, ?)
Hibernate: select course0_.id as id1_0_0_, course0_.author_person_id as author_p3_0_0_, course0_.label as label2_0_0_ from course course0_ where course0_.id=?
Hibernate: select faculty0_.person_id as person_i2_2_0_, faculty0_.first_name as first_na3_2_0_, faculty0_.last_name as last_nam4_2_0_, faculty0_.password as password5_2_0_, faculty0_.username as username6_2_0_, faculty0_.office as office7_2_0_, faculty0_.tenure as tenure8_2_0_ from person faculty0_ where faculty0_.person_id=? and faculty0_.dtype='Faculty'
Hibernate: select authoredco0_.author_person_id as author_p3_0_0_, authoredco0_.id as id1_0_0_, authoredco0_.id as id1_0_1_, authoredco0_.author_person_id as author_p3_0_1_, authoredco0_.label as label2_0_1_ from course authoredco0_ where authoredco0_.author_person_id=?
Hibernate: select sections0_.course_id as course_i4_3_0_, sections0_.id as id1_3_0_, sections0_.id as id1_3_1_, sections0_.course_id as course_i4_3_1_, sections0_.seats as seats2_3_1_, sections0_.title as title3_3_1_ from section sections0_ where sections0_.course_id=?
Hibernate: insert into course (author_person_id, label, id) values (?, ?, ?)
Hibernate: select course0_.id as id1_0_0_, course0_.author_person_id as author_p3_0_0_, course0_.label as label2_0_0_ from course course0_ where course0_.id=?
Hibernate: select faculty0_.person_id as person_i2_2_0_, faculty0_.first_name as first_na3_2_0_, faculty0_.last_name as last_nam4_2_0_, faculty0_.password as password5_2_0_, faculty0_.username as username6_2_0_, faculty0_.office as office7_2_0_, faculty0_.tenure as tenure8_2_0_ from person faculty0_ where faculty0_.person_id=? and faculty0_.dtype='Faculty'
Hibernate: select authoredco0_.author_person_id as author_p3_0_0_, authoredco0_.id as id1_0_0_, authoredco0_.id as id1_0_1_, authoredco0_.author_person_id as author_p3_0_1_, authoredco0_.label as label2_0_1_ from course authoredco0_ where authoredco0_.author_person_id=?
Hibernate: insert into course (author_person_id, label, id) values (?, ?, ?)
Hibernate: select course0_.id as id1_0_0_, course0_.author_person_id as author_p3_0_0_, course0_.label as label2_0_0_ from course course0_ where course0_.id=?
Hibernate: select faculty0_.person_id as person_i2_2_0_, faculty0_.first_name as first_na3_2_0_, faculty0_.last_name as last_nam4_2_0_, faculty0_.password as password5_2_0_, faculty0_.username as username6_2_0_, faculty0_.office as office7_2_0_, faculty0_.tenure as tenure8_2_0_ from person faculty0_ where faculty0_.person_id=? and faculty0_.dtype='Faculty'
Hibernate: select authoredco0_.author_person_id as author_p3_0_0_, authoredco0_.id as id1_0_0_, authoredco0_.id as id1_0_1_, authoredco0_.author_person_id as author_p3_0_1_, authoredco0_.label as label2_0_1_ from course authoredco0_ where authoredco0_.author_person_id=?
Hibernate: select sections0_.course_id as course_i4_3_0_, sections0_.id as id1_3_0_, sections0_.id as id1_3_1_, sections0_.course_id as course_i4_3_1_, sections0_.seats as seats2_3_1_, sections0_.title as title3_3_1_ from section sections0_ where sections0_.course_id=?
Hibernate: insert into course (author_person_id, label, id) values (?, ?, ?)
Hibernate: select course_.id, course_.author_person_id as author_p3_0_, course_.label as label2_0_ from course course_ where course_.id=?
Hibernate: insert into section (course_id, seats, title) values (?, ?, ?)
Hibernate: select course_.id, course_.author_person_id as author_p3_0_, course_.label as label2_0_ from course course_ where course_.id=?
Hibernate: insert into section (course_id, seats, title) values (?, ?, ?)
Hibernate: select course_.id, course_.author_person_id as author_p3_0_, course_.label as label2_0_ from course course_ where course_.id=?
Hibernate: insert into section (course_id, seats, title) values (?, ?, ?)
Hibernate: select course_.id, course_.author_person_id as author_p3_0_, course_.label as label2_0_ from course course_ where course_.id=?
Hibernate: insert into section (course_id, seats, title) values (?, ?, ?)
Hibernate: select section0_.id as id1_3_0_, section0_.course_id as course_i4_3_0_, section0_.seats as seats2_3_0_, section0_.title as title3_3_0_ from section section0_ where section0_.id=?
Hibernate: select course0_.id as id1_0_0_, course0_.author_person_id as author_p3_0_0_, course0_.label as label2_0_0_ from course course0_ where course0_.id=?
Hibernate: select faculty0_.person_id as person_i2_2_1_, faculty0_.first_name as first_na3_2_1_, faculty0_.last_name as last_nam4_2_1_, faculty0_.password as password5_2_1_, faculty0_.username as username6_2_1_, faculty0_.office as office7_2_1_, faculty0_.tenure as tenure8_2_1_, authoredco1_.author_person_id as author_p3_0_3_, authoredco1_.id as id1_0_3_, authoredco1_.id as id1_0_0_, authoredco1_.author_person_id as author_p3_0_0_, authoredco1_.label as label2_0_0_ from person faculty0_ left outer join course authoredco1_ on faculty0_.person_id=authoredco1_.author_person_id where faculty0_.person_id=? and faculty0_.dtype='Faculty'
Hibernate: select enrolledst0_.section_id as section_2_1_0_, enrolledst0_.student_id as student_1_1_0_, student1_.person_id as person_i2_2_1_, student1_.first_name as first_na3_2_1_, student1_.last_name as last_nam4_2_1_, student1_.password as password5_2_1_, student1_.username as username6_2_1_, student1_.grad_year as grad_yea9_2_1_, student1_.scholarship as scholar10_2_1_ from enrollment enrolledst0_ inner join person student1_ on enrolledst0_.student_id=student1_.person_id where enrolledst0_.section_id=?
Hibernate: select sections0_.course_id as course_i4_3_0_, sections0_.id as id1_3_0_, sections0_.id as id1_3_1_, sections0_.course_id as course_i4_3_1_, sections0_.seats as seats2_3_1_, sections0_.title as title3_3_1_ from section sections0_ where sections0_.course_id=?
Hibernate: select enrolledst0_.section_id as section_2_1_0_, enrolledst0_.student_id as student_1_1_0_, student1_.person_id as person_i2_2_1_, student1_.first_name as first_na3_2_1_, student1_.last_name as last_nam4_2_1_, student1_.password as password5_2_1_, student1_.username as username6_2_1_, student1_.grad_year as grad_yea9_2_1_, student1_.scholarship as scholar10_2_1_ from enrollment enrolledst0_ inner join person student1_ on enrolledst0_.student_id=student1_.person_id where enrolledst0_.section_id=?
Hibernate: select sections0_.course_id as course_i4_3_0_, sections0_.id as id1_3_0_, sections0_.id as id1_3_1_, sections0_.course_id as course_i4_3_1_, sections0_.seats as seats2_3_1_, sections0_.title as title3_3_1_ from section sections0_ where sections0_.course_id=?
Hibernate: select enrolledst0_.section_id as section_2_1_0_, enrolledst0_.student_id as student_1_1_0_, student1_.person_id as person_i2_2_1_, student1_.first_name as first_na3_2_1_, student1_.last_name as last_nam4_2_1_, student1_.password as password5_2_1_, student1_.username as username6_2_1_, student1_.grad_year as grad_yea9_2_1_, student1_.scholarship as scholar10_2_1_ from enrollment enrolledst0_ inner join person student1_ on enrolledst0_.student_id=student1_.person_id where enrolledst0_.section_id=?
Hibernate: update section set course_id=?, seats=?, title=? where id=?
Hibernate: select section0_.id as id1_3_0_, section0_.course_id as course_i4_3_0_, section0_.seats as seats2_3_0_, section0_.title as title3_3_0_ from section section0_ where section0_.id=?
Hibernate: select course0_.id as id1_0_0_, course0_.author_person_id as author_p3_0_0_, course0_.label as label2_0_0_ from course course0_ where course0_.id=?
Hibernate: select faculty0_.person_id as person_i2_2_1_, faculty0_.first_name as first_na3_2_1_, faculty0_.last_name as last_nam4_2_1_, faculty0_.password as password5_2_1_, faculty0_.username as username6_2_1_, faculty0_.office as office7_2_1_, faculty0_.tenure as tenure8_2_1_, authoredco1_.author_person_id as author_p3_0_3_, authoredco1_.id as id1_0_3_, authoredco1_.id as id1_0_0_, authoredco1_.author_person_id as author_p3_0_0_, authoredco1_.label as label2_0_0_ from person faculty0_ left outer join course authoredco1_ on faculty0_.person_id=authoredco1_.author_person_id where faculty0_.person_id=? and faculty0_.dtype='Faculty'
Hibernate: select enrolledst0_.section_id as section_2_1_0_, enrolledst0_.student_id as student_1_1_0_, student1_.person_id as person_i2_2_1_, student1_.first_name as first_na3_2_1_, student1_.last_name as last_nam4_2_1_, student1_.password as password5_2_1_, student1_.username as username6_2_1_, student1_.grad_year as grad_yea9_2_1_, student1_.scholarship as scholar10_2_1_ from enrollment enrolledst0_ inner join person student1_ on enrolledst0_.student_id=student1_.person_id where enrolledst0_.section_id=?
Hibernate: select sections0_.course_id as course_i4_3_0_, sections0_.id as id1_3_0_, sections0_.id as id1_3_1_, sections0_.course_id as course_i4_3_1_, sections0_.seats as seats2_3_1_, sections0_.title as title3_3_1_ from section sections0_ where sections0_.course_id=?
Hibernate: select enrolledst0_.section_id as section_2_1_0_, enrolledst0_.student_id as student_1_1_0_, student1_.person_id as person_i2_2_1_, student1_.first_name as first_na3_2_1_, student1_.last_name as last_nam4_2_1_, student1_.password as password5_2_1_, student1_.username as username6_2_1_, student1_.grad_year as grad_yea9_2_1_, student1_.scholarship as scholar10_2_1_ from enrollment enrolledst0_ inner join person student1_ on enrolledst0_.student_id=student1_.person_id where enrolledst0_.section_id=?
Hibernate: select sections0_.course_id as course_i4_3_0_, sections0_.id as id1_3_0_, sections0_.id as id1_3_1_, sections0_.course_id as course_i4_3_1_, sections0_.seats as seats2_3_1_, sections0_.title as title3_3_1_ from section sections0_ where sections0_.course_id=?
Hibernate: select enrolledst0_.section_id as section_2_1_0_, enrolledst0_.student_id as student_1_1_0_, student1_.person_id as person_i2_2_1_, student1_.first_name as first_na3_2_1_, student1_.last_name as last_nam4_2_1_, student1_.password as password5_2_1_, student1_.username as username6_2_1_, student1_.grad_year as grad_yea9_2_1_, student1_.scholarship as scholar10_2_1_ from enrollment enrolledst0_ inner join person student1_ on enrolledst0_.student_id=student1_.person_id where enrolledst0_.section_id=?
Hibernate: update section set course_id=?, seats=?, title=? where id=?
Hibernate: select section0_.id as id1_3_0_, section0_.course_id as course_i4_3_0_, section0_.seats as seats2_3_0_, section0_.title as title3_3_0_ from section section0_ where section0_.id=?
Hibernate: select course0_.id as id1_0_0_, course0_.author_person_id as author_p3_0_0_, course0_.label as label2_0_0_ from course course0_ where course0_.id=?
Hibernate: select faculty0_.person_id as person_i2_2_1_, faculty0_.first_name as first_na3_2_1_, faculty0_.last_name as last_nam4_2_1_, faculty0_.password as password5_2_1_, faculty0_.username as username6_2_1_, faculty0_.office as office7_2_1_, faculty0_.tenure as tenure8_2_1_, authoredco1_.author_person_id as author_p3_0_3_, authoredco1_.id as id1_0_3_, authoredco1_.id as id1_0_0_, authoredco1_.author_person_id as author_p3_0_0_, authoredco1_.label as label2_0_0_ from person faculty0_ left outer join course authoredco1_ on faculty0_.person_id=authoredco1_.author_person_id where faculty0_.person_id=? and faculty0_.dtype='Faculty'
Hibernate: select enrolledst0_.section_id as section_2_1_0_, enrolledst0_.student_id as student_1_1_0_, student1_.person_id as person_i2_2_1_, student1_.first_name as first_na3_2_1_, student1_.last_name as last_nam4_2_1_, student1_.password as password5_2_1_, student1_.username as username6_2_1_, student1_.grad_year as grad_yea9_2_1_, student1_.scholarship as scholar10_2_1_ from enrollment enrolledst0_ inner join person student1_ on enrolledst0_.student_id=student1_.person_id where enrolledst0_.section_id=?
Hibernate: select sections0_.course_id as course_i4_3_0_, sections0_.id as id1_3_0_, sections0_.id as id1_3_1_, sections0_.course_id as course_i4_3_1_, sections0_.seats as seats2_3_1_, sections0_.title as title3_3_1_ from section sections0_ where sections0_.course_id=?
Hibernate: select enrolledst0_.section_id as section_2_1_0_, enrolledst0_.student_id as student_1_1_0_, student1_.person_id as person_i2_2_1_, student1_.first_name as first_na3_2_1_, student1_.last_name as last_nam4_2_1_, student1_.password as password5_2_1_, student1_.username as username6_2_1_, student1_.grad_year as grad_yea9_2_1_, student1_.scholarship as scholar10_2_1_ from enrollment enrolledst0_ inner join person student1_ on enrolledst0_.student_id=student1_.person_id where enrolledst0_.section_id=?
Hibernate: select sections0_.course_id as course_i4_3_0_, sections0_.id as id1_3_0_, sections0_.id as id1_3_1_, sections0_.course_id as course_i4_3_1_, sections0_.seats as seats2_3_1_, sections0_.title as title3_3_1_ from section sections0_ where sections0_.course_id=?
Hibernate: select enrolledst0_.section_id as section_2_1_0_, enrolledst0_.student_id as student_1_1_0_, student1_.person_id as person_i2_2_1_, student1_.first_name as first_na3_2_1_, student1_.last_name as last_nam4_2_1_, student1_.password as password5_2_1_, student1_.username as username6_2_1_, student1_.grad_year as grad_yea9_2_1_, student1_.scholarship as scholar10_2_1_ from enrollment enrolledst0_ inner join person student1_ on enrolledst0_.student_id=student1_.person_id where enrolledst0_.section_id=?
Hibernate: update section set course_id=?, seats=?, title=? where id=?
Hibernate: select section0_.id as id1_3_0_, section0_.course_id as course_i4_3_0_, section0_.seats as seats2_3_0_, section0_.title as title3_3_0_ from section section0_ where section0_.id=?
Hibernate: select course0_.id as id1_0_0_, course0_.author_person_id as author_p3_0_0_, course0_.label as label2_0_0_ from course course0_ where course0_.id=?
Hibernate: select faculty0_.person_id as person_i2_2_1_, faculty0_.first_name as first_na3_2_1_, faculty0_.last_name as last_nam4_2_1_, faculty0_.password as password5_2_1_, faculty0_.username as username6_2_1_, faculty0_.office as office7_2_1_, faculty0_.tenure as tenure8_2_1_, authoredco1_.author_person_id as author_p3_0_3_, authoredco1_.id as id1_0_3_, authoredco1_.id as id1_0_0_, authoredco1_.author_person_id as author_p3_0_0_, authoredco1_.label as label2_0_0_ from person faculty0_ left outer join course authoredco1_ on faculty0_.person_id=authoredco1_.author_person_id where faculty0_.person_id=? and faculty0_.dtype='Faculty'
Hibernate: select enrolledst0_.section_id as section_2_1_0_, enrolledst0_.student_id as student_1_1_0_, student1_.person_id as person_i2_2_1_, student1_.first_name as first_na3_2_1_, student1_.last_name as last_nam4_2_1_, student1_.password as password5_2_1_, student1_.username as username6_2_1_, student1_.grad_year as grad_yea9_2_1_, student1_.scholarship as scholar10_2_1_ from enrollment enrolledst0_ inner join person student1_ on enrolledst0_.student_id=student1_.person_id where enrolledst0_.section_id=?
Hibernate: select sections0_.course_id as course_i4_3_0_, sections0_.id as id1_3_0_, sections0_.id as id1_3_1_, sections0_.course_id as course_i4_3_1_, sections0_.seats as seats2_3_1_, sections0_.title as title3_3_1_ from section sections0_ where sections0_.course_id=?
Hibernate: select sections0_.course_id as course_i4_3_0_, sections0_.id as id1_3_0_, sections0_.id as id1_3_1_, sections0_.course_id as course_i4_3_1_, sections0_.seats as seats2_3_1_, sections0_.title as title3_3_1_ from section sections0_ where sections0_.course_id=?
Hibernate: select enrolledst0_.section_id as section_2_1_0_, enrolledst0_.student_id as student_1_1_0_, student1_.person_id as person_i2_2_1_, student1_.first_name as first_na3_2_1_, student1_.last_name as last_nam4_2_1_, student1_.password as password5_2_1_, student1_.username as username6_2_1_, student1_.grad_year as grad_yea9_2_1_, student1_.scholarship as scholar10_2_1_ from enrollment enrolledst0_ inner join person student1_ on enrolledst0_.student_id=student1_.person_id where enrolledst0_.section_id=?
Hibernate: select enrolledst0_.section_id as section_2_1_0_, enrolledst0_.student_id as student_1_1_0_, student1_.person_id as person_i2_2_1_, student1_.first_name as first_na3_2_1_, student1_.last_name as last_nam4_2_1_, student1_.password as password5_2_1_, student1_.username as username6_2_1_, student1_.grad_year as grad_yea9_2_1_, student1_.scholarship as scholar10_2_1_ from enrollment enrolledst0_ inner join person student1_ on enrolledst0_.student_id=student1_.person_id where enrolledst0_.section_id=?
Hibernate: update section set course_id=?, seats=?, title=? where id=?
Hibernate: select section0_.id as id1_3_, section0_.course_id as course_i4_3_, section0_.seats as seats2_3_, section0_.title as title3_3_ from section section0_
Hibernate: select course0_.id as id1_0_0_, course0_.author_person_id as author_p3_0_0_, course0_.label as label2_0_0_, faculty1_.person_id as person_i2_2_1_, faculty1_.first_name as first_na3_2_1_, faculty1_.last_name as last_nam4_2_1_, faculty1_.password as password5_2_1_, faculty1_.username as username6_2_1_, faculty1_.office as office7_2_1_, faculty1_.tenure as tenure8_2_1_, sections2_.course_id as course_i4_3_2_, sections2_.id as id1_3_2_, sections2_.id as id1_3_3_, sections2_.course_id as course_i4_3_3_, sections2_.seats as seats2_3_3_, sections2_.title as title3_3_3_, enrolledst3_.section_id as section_2_1_4_, student4_.person_id as student_1_1_4_, student4_.person_id as person_i2_2_5_, student4_.first_name as first_na3_2_5_, student4_.last_name as last_nam4_2_5_, student4_.password as password5_2_5_, student4_.username as username6_2_5_, student4_.grad_year as grad_yea9_2_5_, student4_.scholarship as scholar10_2_5_ from course course0_ left outer join person faculty1_ on course0_.author_person_id=faculty1_.person_id left outer join section sections2_ on course0_.id=sections2_.course_id left outer join enrollment enrolledst3_ on sections2_.id=enrolledst3_.section_id left outer join person student4_ on enrolledst3_.student_id=student4_.person_id where course0_.id=?
Hibernate: select course0_.id as id1_0_0_, course0_.author_person_id as author_p3_0_0_, course0_.label as label2_0_0_, faculty1_.person_id as person_i2_2_1_, faculty1_.first_name as first_na3_2_1_, faculty1_.last_name as last_nam4_2_1_, faculty1_.password as password5_2_1_, faculty1_.username as username6_2_1_, faculty1_.office as office7_2_1_, faculty1_.tenure as tenure8_2_1_, sections2_.course_id as course_i4_3_2_, sections2_.id as id1_3_2_, sections2_.id as id1_3_3_, sections2_.course_id as course_i4_3_3_, sections2_.seats as seats2_3_3_, sections2_.title as title3_3_3_, enrolledst3_.section_id as section_2_1_4_, student4_.person_id as student_1_1_4_, student4_.person_id as person_i2_2_5_, student4_.first_name as first_na3_2_5_, student4_.last_name as last_nam4_2_5_, student4_.password as password5_2_5_, student4_.username as username6_2_5_, student4_.grad_year as grad_yea9_2_5_, student4_.scholarship as scholar10_2_5_ from course course0_ left outer join person faculty1_ on course0_.author_person_id=faculty1_.person_id left outer join section sections2_ on course0_.id=sections2_.course_id left outer join enrollment enrolledst3_ on sections2_.id=enrolledst3_.section_id left outer join person student4_ on enrolledst3_.student_id=student4_.person_id where course0_.id=?
Hibernate: select course0_.id as id1_0_0_, course0_.author_person_id as author_p3_0_0_, course0_.label as label2_0_0_, faculty1_.person_id as person_i2_2_1_, faculty1_.first_name as first_na3_2_1_, faculty1_.last_name as last_nam4_2_1_, faculty1_.password as password5_2_1_, faculty1_.username as username6_2_1_, faculty1_.office as office7_2_1_, faculty1_.tenure as tenure8_2_1_, sections2_.course_id as course_i4_3_2_, sections2_.id as id1_3_2_, sections2_.id as id1_3_3_, sections2_.course_id as course_i4_3_3_, sections2_.seats as seats2_3_3_, sections2_.title as title3_3_3_, enrolledst3_.section_id as section_2_1_4_, student4_.person_id as student_1_1_4_, student4_.person_id as person_i2_2_5_, student4_.first_name as first_na3_2_5_, student4_.last_name as last_nam4_2_5_, student4_.password as password5_2_5_, student4_.username as username6_2_5_, student4_.grad_year as grad_yea9_2_5_, student4_.scholarship as scholar10_2_5_ from course course0_ left outer join person faculty1_ on course0_.author_person_id=faculty1_.person_id left outer join section sections2_ on course0_.id=sections2_.course_id left outer join enrollment enrolledst3_ on sections2_.id=enrolledst3_.section_id left outer join person student4_ on enrolledst3_.student_id=student4_.person_id where course0_.id=?
Hibernate: select authoredco0_.author_person_id as author_p3_0_0_, authoredco0_.id as id1_0_0_, authoredco0_.id as id1_0_1_, authoredco0_.author_person_id as author_p3_0_1_, authoredco0_.label as label2_0_1_ from course authoredco0_ where authoredco0_.author_person_id=?
Hibernate: select authoredco0_.author_person_id as author_p3_0_0_, authoredco0_.id as id1_0_0_, authoredco0_.id as id1_0_1_, authoredco0_.author_person_id as author_p3_0_1_, authoredco0_.label as label2_0_1_ from course authoredco0_ where authoredco0_.author_person_id=?
Hibernate: select sections0_.course_id as course_i4_3_0_, sections0_.id as id1_3_0_, sections0_.id as id1_3_1_, sections0_.course_id as course_i4_3_1_, sections0_.seats as seats2_3_1_, sections0_.title as title3_3_1_ from section sections0_ where sections0_.course_id=?
]]></system-out>
  </testcase>
  <testcase name="testValidateSection" classname="edu.northeastern.cs5200.TestAll" time="7.636"/>
  <testcase name="testValidateSectionPerCourse" classname="edu.northeastern.cs5200.TestAll" time="8.088"/>
  <testcase name="testValidateUser" classname="edu.northeastern.cs5200.TestAll" time="8.91"/>
</testsuite>